<?xml version="1.0" encoding="UTF-8"?>
<!-- Generated by org.testng.reporters.JUnitReportReporter -->
<testsuite hostname="TYSS-Anjali" failures="0" tests="5" name="testNG.ToLearnThreadPoolSizeHA" time="36.048" errors="0" timestamp="2024-11-14T22:46:14 IST" skipped="0">
  <testcase classname="testNG.ToLearnThreadPoolSizeHA" name="login" time="6.492"/>
  <system-out>
    <![CDATA[Login Successfull]]>
  </system-out>
  <testcase classname="testNG.ToLearnThreadPoolSizeHA" name="login" time="6.486"/>
  <system-out>
    <![CDATA[Login Successfull]]>
  </system-out>
  <testcase classname="testNG.ToLearnThreadPoolSizeHA" name="login" time="5.598"/>
  <system-out>
    <![CDATA[Login Successfull]]>
  </system-out>
  <testcase classname="testNG.ToLearnThreadPoolSizeHA" name="login" time="8.740"/>
  <system-out>
    <![CDATA[Login Successfull]]>
  </system-out>
  <testcase classname="testNG.ToLearnThreadPoolSizeHA" name="login" time="8.732"/>
  <system-out>
    <![CDATA[Login Successfull]]>
  </system-out>
</testsuite> <!-- testNG.ToLearnThreadPoolSizeHA -->
