<?xml version="1.0" encoding="UTF-8"?>
<!-- Generated by org.testng.reporters.JUnitReportReporter -->
<testsuite hostname="TYSS-Anjali" failures="0" tests="4" name="testNG.ToLearnPriorityHATestNG" time="0.024" errors="0" timestamp="2024-11-14T22:46:14 IST" skipped="0">
  <testcase classname="testNG.ToLearnPriorityHATestNG" name="baskinRobbins" time="0.011"/>
  <system-out>
    <![CDATA[BaskinRobbins executed]]>
  </system-out>
  <testcase classname="testNG.ToLearnPriorityHATestNG" name="bigBasket" time="0.005"/>
  <system-out>
    <![CDATA[BigBasket executed]]>
  </system-out>
  <testcase classname="testNG.ToLearnPriorityHATestNG" name="cricBuzz" time="0.005"/>
  <system-out>
    <![CDATA[CricBuzz executed]]>
  </system-out>
  <testcase classname="testNG.ToLearnPriorityHATestNG" name="amazon" time="0.003"/>
  <system-out>
    <![CDATA[Amazon is executed]]>
  </system-out>
</testsuite> <!-- testNG.ToLearnPriorityHATestNG -->
