<?xml version="1.0" encoding="UTF-8"?>
<!-- Generated by org.testng.reporters.JUnitReportReporter -->
<testsuite hostname="TYSS-Anjali" failures="0" tests="1" name="testNG.ToLearnSoftAssertion" time="0.051" errors="0" timestamp="2024-11-18T23:14:14 IST" skipped="0">
  <testcase classname="testNG.ToLearnSoftAssertion" name="homePage" time="0.051"/>
  <system-out>
    <![CDATA[Test homePage Started
Step 1
Step 2
Step 3
Success
Step 4
Step 5
Test homePage Ended]]>
  </system-out>
</testsuite> <!-- testNG.ToLearnSoftAssertion -->
