<?xml version="1.0" encoding="UTF-8"?>
<!-- Generated by org.testng.reporters.JUnitReportReporter -->
<testsuite hostname="TYSS-Anjali" failures="0" tests="2" name="testNG.ToLearnGroupExecution2" time="20.656" errors="0" timestamp="2024-11-18T23:18:40 IST" skipped="0">
  <testcase classname="testNG.ToLearnGroupExecution2" name="doubleClick" time="9.324"/>
  <system-out/>
  <testcase classname="testNG.ToLearnGroupExecution2" name="scroll" time="11.332"/>
  <system-out/>
</testsuite> <!-- testNG.ToLearnGroupExecution2 -->
