<?xml version="1.0" encoding="UTF-8"?>
<!-- Generated by org.testng.reporters.JUnitReportReporter -->
<testsuite hostname="TYSS-Anjali" failures="0" tests="3" name="testNG.ToLearnDependsOnMethodHA" time="0.037" errors="0" timestamp="2024-11-14T22:46:14 IST" skipped="0">
  <testcase classname="testNG.ToLearnDependsOnMethodHA" name="editAccount" time="0.002"/>
  <system-out>
    <![CDATA[Account Edited Successfully]]>
  </system-out>
  <testcase classname="testNG.ToLearnDependsOnMethodHA" name="deleteAccount" time="0.003"/>
  <system-out>
    <![CDATA[Account Deleted Successfully]]>
  </system-out>
  <testcase classname="testNG.ToLearnDependsOnMethodHA" name="createAccount" time="0.032"/>
  <system-out>
    <![CDATA[Account Created Successfully]]>
  </system-out>
</testsuite> <!-- testNG.ToLearnDependsOnMethodHA -->
