<?xml version="1.0" encoding="UTF-8"?>
<!-- Generated by org.testng.reporters.JUnitReportReporter -->
<testsuite hostname="TYSS-Anjali" failures="0" tests="2" name="testNG.ToLearnConfigAnnotationsInRealTS" time="3.879" errors="0" timestamp="2024-11-16T23:21:47 IST" skipped="0">
  <testcase classname="testNG.ToLearnConfigAnnotationsInRealTS" name="facebookTC" time="0.302"/>
  <system-out>
    <![CDATA[Actual Test script 1 Executed]]>
  </system-out>
  <testcase classname="testNG.ToLearnConfigAnnotationsInRealTS" name="fbTC2" time="3.577"/>
  <system-out>
    <![CDATA[Actual Test script 2 Executed]]>
  </system-out>
</testsuite> <!-- testNG.ToLearnConfigAnnotationsInRealTS -->
