<?xml version="1.0" encoding="UTF-8"?>
<!-- Generated by org.testng.reporters.JUnitReportReporter -->
<testsuite hostname="TYSS-Anjali" failures="0" tests="3" name="testNG.ToLearnTestNG" time="0.042" errors="0" timestamp="2024-11-13T22:29:44 IST" skipped="0">
  <testcase classname="testNG.ToLearnTestNG" name="cricBuzz" time="0.025"/>
  <system-out/>
  <testcase classname="testNG.ToLearnTestNG" name="amazon" time="0.008"/>
  <system-out/>
  <testcase classname="testNG.ToLearnTestNG" name="baskinRobbins" time="0.009"/>
  <system-out/>
</testsuite> <!-- testNG.ToLearnTestNG -->
