<?xml version="1.0" encoding="UTF-8"?>
<!-- Generated by org.testng.reporters.JUnitReportReporter -->
<testsuite hostname="TYSS-Anjali" failures="0" tests="1" name="testNG.ToLearnGroupExecution1" time="8.744" errors="0" timestamp="2024-11-18T23:18:40 IST" skipped="0">
  <testcase classname="testNG.ToLearnGroupExecution1" name="sendKeys" time="8.744"/>
  <system-out/>
</testsuite> <!-- testNG.ToLearnGroupExecution1 -->
