<?xml version="1.0" encoding="UTF-8"?>
<!-- Generated by org.testng.reporters.JUnitReportReporter -->
<testsuite hostname="TYSS-Anjali" failures="0" tests="4" name="testNG.ToLearnEnabledHA" time="0.057" errors="0" timestamp="2024-11-14T22:46:13 IST" skipped="1">
  <testcase classname="testNG.ToLearnEnabledHA" name="baskinRobbins" time="0.010"/>
  <system-out>
    <![CDATA[BaskinRobbins executed]]>
  </system-out>
  <testcase classname="testNG.ToLearnEnabledHA" name="amazon" time="0.032"/>
  <system-out>
    <![CDATA[Amazon is executed]]>
  </system-out>
  <testcase classname="testNG.ToLearnEnabledHA" name="cricBuzz" time="0.015"/>
  <system-out>
    <![CDATA[CricBuzz executed]]>
  </system-out>
  <testcase classname="testNG.ToLearnEnabledHA" name="bigBasket">
    <skipped/>
  </testcase> <!-- bigBasket -->
  <system-out/>
</testsuite> <!-- testNG.ToLearnEnabledHA -->
