<?xml version="1.0" encoding="UTF-8"?>
<!-- Generated by org.testng.reporters.JUnitReportReporter -->
<testsuite hostname="TYSS-Anjali" failures="0" tests="10" name="testNG.ToLearnInvocationCountHA" time="56.383" errors="0" timestamp="2024-11-14T22:46:14 IST" skipped="0">
  <testcase classname="testNG.ToLearnInvocationCountHA" name="login" time="8.592"/>
  <system-out>
    <![CDATA[Login Successfull]]>
  </system-out>
  <testcase classname="testNG.ToLearnInvocationCountHA" name="login" time="5.252"/>
  <system-out>
    <![CDATA[Login Successfull]]>
  </system-out>
  <testcase classname="testNG.ToLearnInvocationCountHA" name="login" time="5.088"/>
  <system-out>
    <![CDATA[Login Successfull]]>
  </system-out>
  <testcase classname="testNG.ToLearnInvocationCountHA" name="login" time="4.895"/>
  <system-out>
    <![CDATA[Login Successfull]]>
  </system-out>
  <testcase classname="testNG.ToLearnInvocationCountHA" name="login" time="4.953"/>
  <system-out>
    <![CDATA[Login Successfull]]>
  </system-out>
  <testcase classname="testNG.ToLearnInvocationCountHA" name="login" time="5.024"/>
  <system-out>
    <![CDATA[Login Successfull]]>
  </system-out>
  <testcase classname="testNG.ToLearnInvocationCountHA" name="login" time="4.910"/>
  <system-out>
    <![CDATA[Login Successfull]]>
  </system-out>
  <testcase classname="testNG.ToLearnInvocationCountHA" name="login" time="5.538"/>
  <system-out>
    <![CDATA[Login Successfull]]>
  </system-out>
  <testcase classname="testNG.ToLearnInvocationCountHA" name="login" time="5.450"/>
  <system-out>
    <![CDATA[Login Successfull]]>
  </system-out>
  <testcase classname="testNG.ToLearnInvocationCountHA" name="login" time="6.681"/>
  <system-out>
    <![CDATA[Login Successfull]]>
  </system-out>
</testsuite> <!-- testNG.ToLearnInvocationCountHA -->
