<?xml version="1.0" encoding="UTF-8"?>
<!-- Generated by org.testng.reporters.JUnitReportReporter -->
<testsuite hostname="TYSS-Anjali" failures="0" tests="5" name="testNG.PracticeClassForTestNG" time="0.037" errors="0" timestamp="2024-12-02T16:15:54 IST" skipped="0">
  <testcase classname="testNG.PracticeClassForTestNG" name="m1" time="0.024"/>
  <system-out>
    <![CDATA[M1 Executed]]>
  </system-out>
  <testcase classname="testNG.PracticeClassForTestNG" name="m33" time="0.004"/>
  <system-out>
    <![CDATA[M33 Executed]]>
  </system-out>
  <testcase classname="testNG.PracticeClassForTestNG" name="m25" time="0.001"/>
  <system-out>
    <![CDATA[M25 Executed]]>
  </system-out>
  <testcase classname="testNG.PracticeClassForTestNG" name="m20" time="0.003"/>
  <system-out>
    <![CDATA[M20 Executed]]>
  </system-out>
  <testcase classname="testNG.PracticeClassForTestNG" name="m13" time="0.005"/>
  <system-out>
    <![CDATA[M13 Executed]]>
  </system-out>
</testsuite> <!-- testNG.PracticeClassForTestNG -->
